Added Component: Designator=C1(CAPALUM_10x12.5)
Add component (AddParameter): Name = "ESR"; Value = "0,3??"; VariantName = "[No Variations]"
Add component (AddParameter): Name = "Manufacturer"; Value = "EPCOS"; VariantName = "[No Variations]"
Add component (AddParameter): Name = "Name"; Value = "B41858C6157M"; VariantName = "[No Variations]"
Add component (AddParameter): Name = "Value"; Value = "150??"; VariantName = "[No Variations]"
Add component (AddParameter): Name = "Voltage"; Value = "50?"; VariantName = "[No Variations]"
Added Component: Designator=C2(CAPALUM_10x12.5)
Add component (AddParameter): Name = "ESR"; Value = "0,3??"; VariantName = "[No Variations]"
Add component (AddParameter): Name = "Manufacturer"; Value = "EPCOS"; VariantName = "[No Variations]"
Add component (AddParameter): Name = "Name"; Value = "B41858C6157M"; VariantName = "[No Variations]"
Add component (AddParameter): Name = "Value"; Value = "150??"; VariantName = "[No Variations]"
Add component (AddParameter): Name = "Voltage"; Value = "50?"; VariantName = "[No Variations]"
Added Component: Designator=C3(CAPALUM_10x12.5)
Add component (AddParameter): Name = "ESR"; Value = "0,3??"; VariantName = "[No Variations]"
Add component (AddParameter): Name = "Manufacturer"; Value = "EPCOS"; VariantName = "[No Variations]"
Add component (AddParameter): Name = "Name"; Value = "B41858C6157M"; VariantName = "[No Variations]"
Add component (AddParameter): Name = "Value"; Value = "150??"; VariantName = "[No Variations]"
Add component (AddParameter): Name = "Voltage"; Value = "50?"; VariantName = "[No Variations]"
Added Pin To Net: NetName=VCC Pin=C1-1
Added Pin To Net: NetName=GND Pin=C1-2
Added Pin To Net: NetName=VCC Pin=C2-1
Added Pin To Net: NetName=GND Pin=C2-2
Added Pin To Net: NetName=VCC Pin=C3-1
Added Pin To Net: NetName=GND Pin=C3-2
Added Member To Class: ClassName=?3_2 Member=Component C1 150??
Added Member To Class: ClassName=?3_2 Member=Component C2 150??
Added Member To Class: ClassName=?3_2 Member=Component C3 150??
