Removed Pin From Net: NetName=SDA Pin=R1-1
Removed Pin From Net: NetName=+5? Pin=R1-2
Removed Pin From Net: NetName=SCL Pin=R2-1
Removed Pin From Net: NetName=+5? Pin=R2-2
Removed Pin From Net: NetName=+5? Pin=X3-1
Removed Pin From Net: NetName=SERVO Pin=X3-2
Removed Pin From Net: NetName=VCC Pin=X6-2
Change component parameters: Designator = "X3" ("X3"); Footprint = "CWF-3"; UniqueID = "\RKSVDWKY" ("\RKSVDWKY")
Change component parameters (AddParameter): Name = "Contact_1"; Value = "S"; VariantName = "[No Variations]"
Change component parameters (AddParameter): Name = "Contact_2"; Value = "VCC"; VariantName = "[No Variations]"
Change component parameters (AddParameter): Name = "Contact_3"; Value = "GND"; VariantName = "[No Variations]"
Change component parameters (AddParameter): Name = "Name"; Value = "DS1069-3M (CWF-3)"; VariantName = "[No Variations]"
Added Pin To Net: NetName=+5? Pin=R1-1
Added Pin To Net: NetName=SCL Pin=R1-2
Added Pin To Net: NetName=+5? Pin=R2-1
Added Pin To Net: NetName=SDA Pin=R2-2
Added Pin To Net: NetName=SERVO Pin=X3-1
Added Pin To Net: NetName=+5? Pin=X3-2
Added Pin To Net: NetName=VCC Pin=X6-1
Added Pin To Net: NetName=+4S Pin=X5-1
Added Pin To Net: NetName=+4S Pin=X6-2
Added Net: Name=+4S
